#
# There is insufficient memory for the Java Runtime Environment to continue.
# Native memory allocation (malloc) failed to allocate 872176 bytes. Error detail: Chunk::new
# Possible reasons:
#   The system is out of physical RAM or swap space
#   This process is running with CompressedOops enabled, and the Java Heap may be blocking the growth of the native heap
# Possible solutions:
#   Reduce memory load on the system
#   Increase physical memory or swap space
#   Check if swap backing store is full
#   Decrease Java heap size (-Xmx/-Xms)
#   Decrease number of Java threads
#   Decrease Java thread stack sizes (-Xss)
#   Set larger code cache with -XX:ReservedCodeCacheSize=
#   JVM is running with Zero Based Compressed Oops mode in which the Java heap is
#     placed in the first 32GB address space. The Java Heap base address is the
#     maximum limit for the native heap growth. Please use -XX:HeapBaseMinAddress
#     to set the Java Heap base and to place the Java Heap above 32GB virtual address.
# This output file may be truncated or incomplete.
#
#  Out of Memory Error (arena.cpp:168), pid=36940, tid=37356
#
# JRE version: OpenJDK Runtime Environment JBR-21.0.6+8-631.39-jcef (21.0.6+8) (build 21.0.6+8-b631.39)
# Java VM: OpenJDK 64-Bit Server VM JBR-21.0.6+8-631.39-jcef (21.0.6+8-b631.39, mixed mode, sharing, tiered, compressed oops, compressed class ptrs, g1 gc, windows-amd64)
# No core dump will be written. Minidumps are not enabled by default on client versions of Windows
#

---------------  S U M M A R Y ------------

Command Line: git4idea.http.GitAskPassApp Username for 'https://github.com': 

Host: 13th Gen Intel(R) Core(TM) i5-13500H, 16 cores, 15G,  Windows 11 , 64 bit Build 26100 (10.0.26100.5074)
Time: Sun Mar 22 19:53:07 2026  Windows 11 , 64 bit Build 26100 (10.0.26100.5074) elapsed time: 0.960175 seconds (0d 0h 0m 0s)

---------------  T H R E A D  ---------------

Current thread (0x00000266ff24d550):  JavaThread "C2 CompilerThread2" daemon [_thread_in_native, id=37356, stack(0x00000073dbd00000,0x00000073dbe00000) (1024K)]


Current CompileTask:
C2:960 1170       4       sun.security.ec.ECOperations::setDouble (463 bytes)

Stack: [0x00000073dbd00000,0x00000073dbe00000]
Native frames: (J=compiled Java code, j=interpreted, Vv=VM code, C=native code)
V  [jvm.dll+0x6e5d39]
V  [jvm.dll+0x8c4133]
V  [jvm.dll+0x8c668e]
V  [jvm.dll+0x8c6d73]
V  [jvm.dll+0x288f76]
V  [jvm.dll+0xc66dd]
V  [jvm.dll+0xc6c13]
V  [jvm.dll+0x2feb80]
V  [jvm.dll+0x60c8b9]
V  [jvm.dll+0x2598d2]
V  [jvm.dll+0x259c8f]
V  [jvm.dll+0x252435]
V  [jvm.dll+0x24fc8e]
V  [jvm.dll+0x1cd6c4]
V  [jvm.dll+0x25f60c]
V  [jvm.dll+0x25db56]
V  [jvm.dll+0x3ff756]
V  [jvm.dll+0x86bd48]
V  [jvm.dll+0x6e453d]
C  [ucrtbase.dll+0x37b0]
C  [KERNEL32.DLL+0x2e8d7]
C  [ntdll.dll+0x8d9c]


---------------  P R O C E S S  ---------------

Threads class SMR info:
_java_thread_list=0x00000266ff1dffb0, length=19, elements={
0x00000266ebda9fd0, 0x00000266fa64fa90, 0x00000266fa652100, 0x00000266fa6548a0,
0x00000266fa655030, 0x00000266fa6597d0, 0x00000266fa65be40, 0x00000266fa672930,
0x00000266fa673230, 0x00000266fa9d1660, 0x00000266faa09090, 0x00000266faa2f8b0,
0x00000266ff1380b0, 0x00000266ff17c640, 0x00000266ff1ea3a0, 0x00000266ff24ceb0,
0x00000266ff24d550, 0x00000266ff1a0fe0, 0x00000266ff18df10
}

Java Threads: ( => current thread )
  0x00000266ebda9fd0 JavaThread "main"                              [_thread_blocked, id=26456, stack(0x00000073da500000,0x00000073da600000) (1024K)]
  0x00000266fa64fa90 JavaThread "Reference Handler"          daemon [_thread_blocked, id=30848, stack(0x00000073dad00000,0x00000073dae00000) (1024K)]
  0x00000266fa652100 JavaThread "Finalizer"                  daemon [_thread_blocked, id=34160, stack(0x00000073dae00000,0x00000073daf00000) (1024K)]
  0x00000266fa6548a0 JavaThread "Signal Dispatcher"          daemon [_thread_blocked, id=32952, stack(0x00000073daf00000,0x00000073db000000) (1024K)]
  0x00000266fa655030 JavaThread "Attach Listener"            daemon [_thread_blocked, id=15124, stack(0x00000073db000000,0x00000073db100000) (1024K)]
  0x00000266fa6597d0 JavaThread "Service Thread"             daemon [_thread_blocked, id=36984, stack(0x00000073db100000,0x00000073db200000) (1024K)]
  0x00000266fa65be40 JavaThread "Monitor Deflation Thread"   daemon [_thread_blocked, id=31632, stack(0x00000073db200000,0x00000073db300000) (1024K)]
  0x00000266fa672930 JavaThread "C2 CompilerThread0"         daemon [_thread_blocked, id=16324, stack(0x00000073db300000,0x00000073db400000) (1024K)]
  0x00000266fa673230 JavaThread "C1 CompilerThread0"         daemon [_thread_blocked, id=37268, stack(0x00000073db400000,0x00000073db500000) (1024K)]
  0x00000266fa9d1660 JavaThread "C1 CompilerThread1"         daemon [_thread_blocked, id=37300, stack(0x00000073db500000,0x00000073db600000) (1024K)]
  0x00000266faa09090 JavaThread "Notification Thread"        daemon [_thread_blocked, id=27908, stack(0x00000073db600000,0x00000073db700000) (1024K)]
  0x00000266faa2f8b0 JavaThread "Common-Cleaner"             daemon [_thread_blocked, id=27436, stack(0x00000073db700000,0x00000073db800000) (1024K)]
  0x00000266ff1380b0 JavaThread "HttpClient-1-SelectorManager" daemon [_thread_in_native, id=36944, stack(0x00000073db800000,0x00000073db900000) (1024K)]
  0x00000266ff17c640 JavaThread "HttpClient-1-Worker-0"      daemon [_thread_in_vm, id=26080, stack(0x00000073dba00000,0x00000073dbb00000) (1024K)]
  0x00000266ff1ea3a0 JavaThread "HttpClient-1-Worker-1"      daemon [_thread_blocked, id=28496, stack(0x00000073dbb00000,0x00000073dbc00000) (1024K)]
  0x00000266ff24ceb0 JavaThread "C2 CompilerThread1"         daemon [_thread_blocked, id=25524, stack(0x00000073dbc00000,0x00000073dbd00000) (1024K)]
=>0x00000266ff24d550 JavaThread "C2 CompilerThread2"         daemon [_thread_in_native, id=37356, stack(0x00000073dbd00000,0x00000073dbe00000) (1024K)]
  0x00000266ff1a0fe0 JavaThread "C2 CompilerThread3"         daemon [_thread_blocked, id=28932, stack(0x00000073dbe00000,0x00000073dbf00000) (1024K)]
  0x00000266ff18df10 JavaThread "C2 CompilerThread4"         daemon [_thread_blocked, id=36240, stack(0x00000073dbf00000,0x00000073dc000000) (1024K)]
Total: 19

Other Threads:
  0x00000266fa636680 VMThread "VM Thread"                           [id=24328, stack(0x00000073dac00000,0x00000073dad00000) (1024K)]
  0x00000266fa623900 WatcherThread "VM Periodic Task Thread"        [id=12404, stack(0x00000073dab00000,0x00000073dac00000) (1024K)]
  0x00000266ee154030 WorkerThread "GC Thread#0"                     [id=16400, stack(0x00000073da600000,0x00000073da700000) (1024K)]
  0x00000266ee164ae0 ConcurrentGCThread "G1 Main Marker"            [id=36800, stack(0x00000073da700000,0x00000073da800000) (1024K)]
  0x00000266ee166460 WorkerThread "G1 Conc#0"                       [id=9708, stack(0x00000073da800000,0x00000073da900000) (1024K)]
  0x00000266fa4f8fe0 ConcurrentGCThread "G1 Refine#0"               [id=34772, stack(0x00000073da900000,0x00000073daa00000) (1024K)]
  0x00000266fa4f9500 ConcurrentGCThread "G1 Service"                [id=31716, stack(0x00000073daa00000,0x00000073dab00000) (1024K)]
Total: 7

Threads with active compile tasks:
C2 CompilerThread2  1018 1170       4       sun.security.ec.ECOperations::setDouble (463 bytes)
Total: 1

VM state: not at safepoint (normal execution)

VM Mutex/Monitor currently owned by a thread:  ([mutex/lock_event])
[0x00007ff98f70c830] Metaspace_lock - owner thread: 0x00000266ff17c640

Heap address: 0x0000000704400000, size: 4028 MB, Compressed Oops mode: Zero based, Oop shift amount: 3

CDS archive(s) mapped at: [0x000002668f000000-0x000002668fd00000-0x000002668fd00000), size 13631488, SharedBaseAddress: 0x000002668f000000, ArchiveRelocationMode: 1.
Compressed class space mapped at: 0x0000026690000000-0x00000266d0000000, reserved size: 1073741824
Narrow klass base: 0x000002668f000000, Narrow klass shift: 0, Narrow klass range: 0x100000000

GC Precious Log:
 CardTable entry size: 512
 Card Set container configuration: InlinePtr #cards 4 size 8 Array Of Cards #cards 16 size 48 Howl #buckets 8 coarsen threshold 3686 Howl Bitmap #cards 512 size 80 coarsen threshold 460 Card regions per heap region 1 cards per card region 4096
 CPUs: 16 total, 16 available
 Memory: 16107M
 Large Page Support: Disabled
 NUMA Support: Disabled
 Compressed Oops: Enabled (Zero based)
 Heap Region Size: 2M
 Heap Min Capacity: 8M
 Heap Initial Capacity: 252M
 Heap Max Capacity: 4028M
 Pre-touch: Disabled
 Parallel Workers: 13
 Concurrent Workers: 3
 Concurrent Refinement Workers: 13
 Periodic GC: Disabled

Heap:
 garbage-first heap   total 258048K, used 14336K [0x0000000704400000, 0x0000000800000000)
  region size 2048K, 8 young (16384K), 0 survivors (0K)
 Metaspace       used 8777K, committed 9024K, reserved 1114112K
  class space    used 1000K, committed 1152K, reserved 1048576K

Heap Regions: E=young(eden), S=young(survivor), O=old, HS=humongous(starts), HC=humongous(continues), CS=collection set, F=free, TAMS=top-at-mark-start, PB=parsable bottom
|   0|0x0000000704400000, 0x0000000704400000, 0x0000000704600000|  0%| F|  |TAMS 0x0000000704400000| PB 0x0000000704400000| Untracked 
|   1|0x0000000704600000, 0x0000000704600000, 0x0000000704800000|  0%| F|  |TAMS 0x0000000704600000| PB 0x0000000704600000| Untracked 
|   2|0x0000000704800000, 0x0000000704800000, 0x0000000704a00000|  0%| F|  |TAMS 0x0000000704800000| PB 0x0000000704800000| Untracked 
|   3|0x0000000704a00000, 0x0000000704a00000, 0x0000000704c00000|  0%| F|  |TAMS 0x0000000704a00000| PB 0x0000000704a00000| Untracked 
|   4|0x0000000704c00000, 0x0000000704c00000, 0x0000000704e00000|  0%| F|  |TAMS 0x0000000704c00000| PB 0x0000000704c00000| Untracked 
|   5|0x0000000704e00000, 0x0000000704e00000, 0x0000000705000000|  0%| F|  |TAMS 0x0000000704e00000| PB 0x0000000704e00000| Untracked 
|   6|0x0000000705000000, 0x0000000705000000, 0x0000000705200000|  0%| F|  |TAMS 0x0000000705000000| PB 0x0000000705000000| Untracked 
|   7|0x0000000705200000, 0x0000000705200000, 0x0000000705400000|  0%| F|  |TAMS 0x0000000705200000| PB 0x0000000705200000| Untracked 
|   8|0x0000000705400000, 0x0000000705400000, 0x0000000705600000|  0%| F|  |TAMS 0x0000000705400000| PB 0x0000000705400000| Untracked 
|   9|0x0000000705600000, 0x0000000705600000, 0x0000000705800000|  0%| F|  |TAMS 0x0000000705600000| PB 0x0000000705600000| Untracked 
|  10|0x0000000705800000, 0x0000000705800000, 0x0000000705a00000|  0%| F|  |TAMS 0x0000000705800000| PB 0x0000000705800000| Untracked 
|  11|0x0000000705a00000, 0x0000000705a00000, 0x0000000705c00000|  0%| F|  |TAMS 0x0000000705a00000| PB 0x0000000705a00000| Untracked 
|  12|0x0000000705c00000, 0x0000000705c00000, 0x0000000705e00000|  0%| F|  |TAMS 0x0000000705c00000| PB 0x0000000705c00000| Untracked 
|  13|0x0000000705e00000, 0x0000000705e00000, 0x0000000706000000|  0%| F|  |TAMS 0x0000000705e00000| PB 0x0000000705e00000| Untracked 
|  14|0x0000000706000000, 0x0000000706000000, 0x0000000706200000|  0%| F|  |TAMS 0x0000000706000000| PB 0x0000000706000000| Untracked 
|  15|0x0000000706200000, 0x0000000706200000, 0x0000000706400000|  0%| F|  |TAMS 0x0000000706200000| PB 0x0000000706200000| Untracked 
|  16|0x0000000706400000, 0x0000000706400000, 0x0000000706600000|  0%| F|  |TAMS 0x0000000706400000| PB 0x0000000706400000| Untracked 
|  17|0x0000000706600000, 0x0000000706600000, 0x0000000706800000|  0%| F|  |TAMS 0x0000000706600000| PB 0x0000000706600000| Untracked 
|  18|0x0000000706800000, 0x0000000706800000, 0x0000000706a00000|  0%| F|  |TAMS 0x0000000706800000| PB 0x0000000706800000| Untracked 
|  19|0x0000000706a00000, 0x0000000706a00000, 0x0000000706c00000|  0%| F|  |TAMS 0x0000000706a00000| PB 0x0000000706a00000| Untracked 
|  20|0x0000000706c00000, 0x0000000706c00000, 0x0000000706e00000|  0%| F|  |TAMS 0x0000000706c00000| PB 0x0000000706c00000| Untracked 
|  21|0x0000000706e00000, 0x0000000706e00000, 0x0000000707000000|  0%| F|  |TAMS 0x0000000706e00000| PB 0x0000000706e00000| Untracked 
|  22|0x0000000707000000, 0x0000000707000000, 0x0000000707200000|  0%| F|  |TAMS 0x0000000707000000| PB 0x0000000707000000| Untracked 
|  23|0x0000000707200000, 0x0000000707200000, 0x0000000707400000|  0%| F|  |TAMS 0x0000000707200000| PB 0x0000000707200000| Untracked 
|  24|0x0000000707400000, 0x0000000707400000, 0x0000000707600000|  0%| F|  |TAMS 0x0000000707400000| PB 0x0000000707400000| Untracked 
|  25|0x0000000707600000, 0x0000000707600000, 0x0000000707800000|  0%| F|  |TAMS 0x0000000707600000| PB 0x0000000707600000| Untracked 
|  26|0x0000000707800000, 0x0000000707800000, 0x0000000707a00000|  0%| F|  |TAMS 0x0000000707800000| PB 0x0000000707800000| Untracked 
|  27|0x0000000707a00000, 0x0000000707a00000, 0x0000000707c00000|  0%| F|  |TAMS 0x0000000707a00000| PB 0x0000000707a00000| Untracked 
|  28|0x0000000707c00000, 0x0000000707c00000, 0x0000000707e00000|  0%| F|  |TAMS 0x0000000707c00000| PB 0x0000000707c00000| Untracked 
|  29|0x0000000707e00000, 0x0000000707e00000, 0x0000000708000000|  0%| F|  |TAMS 0x0000000707e00000| PB 0x0000000707e00000| Untracked 
|  30|0x0000000708000000, 0x0000000708000000, 0x0000000708200000|  0%| F|  |TAMS 0x0000000708000000| PB 0x0000000708000000| Untracked 
|  31|0x0000000708200000, 0x0000000708200000, 0x0000000708400000|  0%| F|  |TAMS 0x0000000708200000| PB 0x0000000708200000| Untracked 
|  32|0x0000000708400000, 0x0000000708400000, 0x0000000708600000|  0%| F|  |TAMS 0x0000000708400000| PB 0x0000000708400000| Untracked 
|  33|0x0000000708600000, 0x0000000708600000, 0x0000000708800000|  0%| F|  |TAMS 0x0000000708600000| PB 0x0000000708600000| Untracked 
|  34|0x0000000708800000, 0x0000000708800000, 0x0000000708a00000|  0%| F|  |TAMS 0x0000000708800000| PB 0x0000000708800000| Untracked 
|  35|0x0000000708a00000, 0x0000000708a00000, 0x0000000708c00000|  0%| F|  |TAMS 0x0000000708a00000| PB 0x0000000708a00000| Untracked 
|  36|0x0000000708c00000, 0x0000000708c00000, 0x0000000708e00000|  0%| F|  |TAMS 0x0000000708c00000| PB 0x0000000708c00000| Untracked 
|  37|0x0000000708e00000, 0x0000000708e00000, 0x0000000709000000|  0%| F|  |TAMS 0x0000000708e00000| PB 0x0000000708e00000| Untracked 
|  38|0x0000000709000000, 0x0000000709000000, 0x0000000709200000|  0%| F|  |TAMS 0x0000000709000000| PB 0x0000000709000000| Untracked 
|  39|0x0000000709200000, 0x0000000709200000, 0x0000000709400000|  0%| F|  |TAMS 0x0000000709200000| PB 0x0000000709200000| Untracked 
|  40|0x0000000709400000, 0x0000000709400000, 0x0000000709600000|  0%| F|  |TAMS 0x0000000709400000| PB 0x0000000709400000| Untracked 
|  41|0x0000000709600000, 0x0000000709600000, 0x0000000709800000|  0%| F|  |TAMS 0x0000000709600000| PB 0x0000000709600000| Untracked 
|  42|0x0000000709800000, 0x0000000709800000, 0x0000000709a00000|  0%| F|  |TAMS 0x0000000709800000| PB 0x0000000709800000| Untracked 
|  43|0x0000000709a00000, 0x0000000709a00000, 0x0000000709c00000|  0%| F|  |TAMS 0x0000000709a00000| PB 0x0000000709a00000| Untracked 
|  44|0x0000000709c00000, 0x0000000709c00000, 0x0000000709e00000|  0%| F|  |TAMS 0x0000000709c00000| PB 0x0000000709c00000| Untracked 
|  45|0x0000000709e00000, 0x0000000709e00000, 0x000000070a000000|  0%| F|  |TAMS 0x0000000709e00000| PB 0x0000000709e00000| Untracked 
|  46|0x000000070a000000, 0x000000070a000000, 0x000000070a200000|  0%| F|  |TAMS 0x000000070a000000| PB 0x000000070a000000| Untracked 
|  47|0x000000070a200000, 0x000000070a200000, 0x000000070a400000|  0%| F|  |TAMS 0x000000070a200000| PB 0x000000070a200000| Untracked 
|  48|0x000000070a400000, 0x000000070a400000, 0x000000070a600000|  0%| F|  |TAMS 0x000000070a400000| PB 0x000000070a400000| Untracked 
|  49|0x000000070a600000, 0x000000070a600000, 0x000000070a800000|  0%| F|  |TAMS 0x000000070a600000| PB 0x000000070a600000| Untracked 
|  50|0x000000070a800000, 0x000000070a800000, 0x000000070aa00000|  0%| F|  |TAMS 0x000000070a800000| PB 0x000000070a800000| Untracked 
|  51|0x000000070aa00000, 0x000000070aa00000, 0x000000070ac00000|  0%| F|  |TAMS 0x000000070aa00000| PB 0x000000070aa00000| Untracked 
|  52|0x000000070ac00000, 0x000000070ac00000, 0x000000070ae00000|  0%| F|  |TAMS 0x000000070ac00000| PB 0x000000070ac00000| Untracked 
|  53|0x000000070ae00000, 0x000000070ae00000, 0x000000070b000000|  0%| F|  |TAMS 0x000000070ae00000| PB 0x000000070ae00000| Untracked 
|  54|0x000000070b000000, 0x000000070b000000, 0x000000070b200000|  0%| F|  |TAMS 0x000000070b000000| PB 0x000000070b000000| Untracked 
|  55|0x000000070b200000, 0x000000070b200000, 0x000000070b400000|  0%| F|  |TAMS 0x000000070b200000| PB 0x000000070b200000| Untracked 
|  56|0x000000070b400000, 0x000000070b400000, 0x000000070b600000|  0%| F|  |TAMS 0x000000070b400000| PB 0x000000070b400000| Untracked 
|  57|0x000000070b600000, 0x000000070b600000, 0x000000070b800000|  0%| F|  |TAMS 0x000000070b600000| PB 0x000000070b600000| Untracked 
|  58|0x000000070b800000, 0x000000070b800000, 0x000000070ba00000|  0%| F|  |TAMS 0x000000070b800000| PB 0x000000070b800000| Untracked 
|  59|0x000000070ba00000, 0x000000070ba00000, 0x000000070bc00000|  0%| F|  |TAMS 0x000000070ba00000| PB 0x000000070ba00000| Untracked 
|  60|0x000000070bc00000, 0x000000070bc00000, 0x000000070be00000|  0%| F|  |TAMS 0x000000070bc00000| PB 0x000000070bc00000| Untracked 
|  61|0x000000070be00000, 0x000000070be00000, 0x000000070c000000|  0%| F|  |TAMS 0x000000070be00000| PB 0x000000070be00000| Untracked 
|  62|0x000000070c000000, 0x000000070c000000, 0x000000070c200000|  0%| F|  |TAMS 0x000000070c000000| PB 0x000000070c000000| Untracked 
|  63|0x000000070c200000, 0x000000070c200000, 0x000000070c400000|  0%| F|  |TAMS 0x000000070c200000| PB 0x000000070c200000| Untracked 
|  64|0x000000070c400000, 0x000000070c400000, 0x000000070c600000|  0%| F|  |TAMS 0x000000070c400000| PB 0x000000070c400000| Untracked 
|  65|0x000000070c600000, 0x000000070c600000, 0x000000070c800000|  0%| F|  |TAMS 0x000000070c600000| PB 0x000000070c600000| Untracked 
|  66|0x000000070c800000, 0x000000070c800000, 0x000000070ca00000|  0%| F|  |TAMS 0x000000070c800000| PB 0x000000070c800000| Untracked 
|  67|0x000000070ca00000, 0x000000070ca00000, 0x000000070cc00000|  0%| F|  |TAMS 0x000000070ca00000| PB 0x000000070ca00000| Untracked 
|  68|0x000000070cc00000, 0x000000070cc00000, 0x000000070ce00000|  0%| F|  |TAMS 0x000000070cc00000| PB 0x000000070cc00000| Untracked 
|  69|0x000000070ce00000, 0x000000070ce00000, 0x000000070d000000|  0%| F|  |TAMS 0x000000070ce00000| PB 0x000000070ce00000| Untracked 
|  70|0x000000070d000000, 0x000000070d000000, 0x000000070d200000|  0%| F|  |TAMS 0x000000070d000000| PB 0x000000070d000000| Untracked 
|  71|0x000000070d200000, 0x000000070d200000, 0x000000070d400000|  0%| F|  |TAMS 0x000000070d200000| PB 0x000000070d200000| Untracked 
|  72|0x000000070d400000, 0x000000070d400000, 0x000000070d600000|  0%| F|  |TAMS 0x000000070d400000| PB 0x000000070d400000| Untracked 
|  73|0x000000070d600000, 0x000000070d600000, 0x000000070d800000|  0%| F|  |TAMS 0x000000070d600000| PB 0x000000070d600000| Untracked 
|  74|0x000000070d800000, 0x000000070d800000, 0x000000070da00000|  0%| F|  |TAMS 0x000000070d800000| PB 0x000000070d800000| Untracked 
|  75|0x000000070da00000, 0x000000070da00000, 0x000000070dc00000|  0%| F|  |TAMS 0x000000070da00000| PB 0x000000070da00000| Untracked 
|  76|0x000000070dc00000, 0x000000070dc00000, 0x000000070de00000|  0%| F|  |TAMS 0x000000070dc00000| PB 0x000000070dc00000| Untracked 
|  77|0x000000070de00000, 0x000000070de00000, 0x000000070e000000|  0%| F|  |TAMS 0x000000070de00000| PB 0x000000070de00000| Untracked 
|  78|0x000000070e000000, 0x000000070e000000, 0x000000070e200000|  0%| F|  |TAMS 0x000000070e000000| PB 0x000000070e000000| Untracked 
|  79|0x000000070e200000, 0x000000070e200000, 0x000000070e400000|  0%| F|  |TAMS 0x000000070e200000| PB 0x000000070e200000| Untracked 
|  80|0x000000070e400000, 0x000000070e400000, 0x000000070e600000|  0%| F|  |TAMS 0x000000070e400000| PB 0x000000070e400000| Untracked 
|  81|0x000000070e600000, 0x000000070e600000, 0x000000070e800000|  0%| F|  |TAMS 0x000000070e600000| PB 0x000000070e600000| Untracked 
|  82|0x000000070e800000, 0x000000070e800000, 0x000000070ea00000|  0%| F|  |TAMS 0x000000070e800000| PB 0x000000070e800000| Untracked 
|  83|0x000000070ea00000, 0x000000070ea00000, 0x000000070ec00000|  0%| F|  |TAMS 0x000000070ea00000| PB 0x000000070ea00000| Untracked 
|  84|0x000000070ec00000, 0x000000070ec00000, 0x000000070ee00000|  0%| F|  |TAMS 0x000000070ec00000| PB 0x000000070ec00000| Untracked 
|  85|0x000000070ee00000, 0x000000070ee00000, 0x000000070f000000|  0%| F|  |TAMS 0x000000070ee00000| PB 0x000000070ee00000| Untracked 
|  86|0x000000070f000000, 0x000000070f000000, 0x000000070f200000|  0%| F|  |TAMS 0x000000070f000000| PB 0x000000070f000000| Untracked 
|  87|0x000000070f200000, 0x000000070f200000, 0x000000070f400000|  0%| F|  |TAMS 0x000000070f200000| PB 0x000000070f200000| Untracked 
|  88|0x000000070f400000, 0x000000070f400000, 0x000000070f600000|  0%| F|  |TAMS 0x000000070f400000| PB 0x000000070f400000| Untracked 
|  89|0x000000070f600000, 0x000000070f600000, 0x000000070f800000|  0%| F|  |TAMS 0x000000070f600000| PB 0x000000070f600000| Untracked 
|  90|0x000000070f800000, 0x000000070f800000, 0x000000070fa00000|  0%| F|  |TAMS 0x000000070f800000| PB 0x000000070f800000| Untracked 
|  91|0x000000070fa00000, 0x000000070fa00000, 0x000000070fc00000|  0%| F|  |TAMS 0x000000070fa00000| PB 0x000000070fa00000| Untracked 
|  92|0x000000070fc00000, 0x000000070fc00000, 0x000000070fe00000|  0%| F|  |TAMS 0x000000070fc00000| PB 0x000000070fc00000| Untracked 
|  93|0x000000070fe00000, 0x000000070fe00000, 0x0000000710000000|  0%| F|  |TAMS 0x000000070fe00000| PB 0x000000070fe00000| Untracked 
|  94|0x0000000710000000, 0x0000000710000000, 0x0000000710200000|  0%| F|  |TAMS 0x0000000710000000| PB 0x0000000710000000| Untracked 
|  95|0x0000000710200000, 0x0000000710200000, 0x0000000710400000|  0%| F|  |TAMS 0x0000000710200000| PB 0x0000000710200000| Untracked 
|  96|0x0000000710400000, 0x0000000710400000, 0x0000000710600000|  0%| F|  |TAMS 0x0000000710400000| PB 0x0000000710400000| Untracked 
|  97|0x0000000710600000, 0x0000000710600000, 0x0000000710800000|  0%| F|  |TAMS 0x0000000710600000| PB 0x0000000710600000| Untracked 
|  98|0x0000000710800000, 0x0000000710800000, 0x0000000710a00000|  0%| F|  |TAMS 0x0000000710800000| PB 0x0000000710800000| Untracked 
|  99|0x0000000710a00000, 0x0000000710a00000, 0x0000000710c00000|  0%| F|  |TAMS 0x0000000710a00000| PB 0x0000000710a00000| Untracked 
| 100|0x0000000710c00000, 0x0000000710c00000, 0x0000000710e00000|  0%| F|  |TAMS 0x0000000710c00000| PB 0x0000000710c00000| Untracked 
| 101|0x0000000710e00000, 0x0000000710e00000, 0x0000000711000000|  0%| F|  |TAMS 0x0000000710e00000| PB 0x0000000710e00000| Untracked 
| 102|0x0000000711000000, 0x0000000711000000, 0x0000000711200000|  0%| F|  |TAMS 0x0000000711000000| PB 0x0000000711000000| Untracked 
| 103|0x0000000711200000, 0x0000000711200000, 0x0000000711400000|  0%| F|  |TAMS 0x0000000711200000| PB 0x0000000711200000| Untracked 
| 104|0x0000000711400000, 0x0000000711400000, 0x0000000711600000|  0%| F|  |TAMS 0x0000000711400000| PB 0x0000000711400000| Untracked 
| 105|0x0000000711600000, 0x0000000711600000, 0x0000000711800000|  0%| F|  |TAMS 0x0000000711600000| PB 0x0000000711600000| Untracked 
| 106|0x0000000711800000, 0x0000000711800000, 0x0000000711a00000|  0%| F|  |TAMS 0x0000000711800000| PB 0x0000000711800000| Untracked 
| 107|0x0000000711a00000, 0x0000000711a00000, 0x0000000711c00000|  0%| F|  |TAMS 0x0000000711a00000| PB 0x0000000711a00000| Untracked 
| 108|0x0000000711c00000, 0x0000000711c00000, 0x0000000711e00000|  0%| F|  |TAMS 0x0000000711c00000| PB 0x0000000711c00000| Untracked 
| 109|0x0000000711e00000, 0x0000000711e00000, 0x0000000712000000|  0%| F|  |TAMS 0x0000000711e00000| PB 0x0000000711e00000| Untracked 
| 110|0x0000000712000000, 0x0000000712000000, 0x0000000712200000|  0%| F|  |TAMS 0x0000000712000000| PB 0x0000000712000000| Untracked 
| 111|0x0000000712200000, 0x0000000712200000, 0x0000000712400000|  0%| F|  |TAMS 0x0000000712200000| PB 0x0000000712200000| Untracked 
| 112|0x0000000712400000, 0x0000000712400000, 0x0000000712600000|  0%| F|  |TAMS 0x0000000712400000| PB 0x0000000712400000| Untracked 
| 113|0x0000000712600000, 0x0000000712600000, 0x0000000712800000|  0%| F|  |TAMS 0x0000000712600000| PB 0x0000000712600000| Untracked 
| 114|0x0000000712800000, 0x0000000712800000, 0x0000000712a00000|  0%| F|  |TAMS 0x0000000712800000| PB 0x0000000712800000| Untracked 
| 115|0x0000000712a00000, 0x0000000712a00000, 0x0000000712c00000|  0%| F|  |TAMS 0x0000000712a00000| PB 0x0000000712a00000| Untracked 
| 116|0x0000000712c00000, 0x0000000712c00000, 0x0000000712e00000|  0%| F|  |TAMS 0x0000000712c00000| PB 0x0000000712c00000| Untracked 
| 117|0x0000000712e00000, 0x0000000712e00000, 0x0000000713000000|  0%| F|  |TAMS 0x0000000712e00000| PB 0x0000000712e00000| Untracked 
| 118|0x0000000713000000, 0x00000007131c29f0, 0x0000000713200000| 88%| E|  |TAMS 0x0000000713000000| PB 0x0000000713000000| Complete 
| 119|0x0000000713200000, 0x0000000713400000, 0x0000000713400000|100%| E|CS|TAMS 0x0000000713200000| PB 0x0000000713200000| Complete 
| 120|0x0000000713400000, 0x0000000713600000, 0x0000000713600000|100%| E|CS|TAMS 0x0000000713400000| PB 0x0000000713400000| Complete 
| 121|0x0000000713600000, 0x0000000713800000, 0x0000000713800000|100%| E|CS|TAMS 0x0000000713600000| PB 0x0000000713600000| Complete 
| 122|0x0000000713800000, 0x0000000713a00000, 0x0000000713a00000|100%| E|CS|TAMS 0x0000000713800000| PB 0x0000000713800000| Complete 
| 123|0x0000000713a00000, 0x0000000713c00000, 0x0000000713c00000|100%| E|CS|TAMS 0x0000000713a00000| PB 0x0000000713a00000| Complete 
| 124|0x0000000713c00000, 0x0000000713e00000, 0x0000000713e00000|100%| E|CS|TAMS 0x0000000713c00000| PB 0x0000000713c00000| Complete 
| 125|0x0000000713e00000, 0x0000000714000000, 0x0000000714000000|100%| E|CS|TAMS 0x0000000713e00000| PB 0x0000000713e00000| Complete 

Card table byte_map: [0x00000266f30e0000,0x00000266f38c0000] _byte_map_base: 0x00000266ef8be000

Marking Bits: (CMBitMap*) 0x00000266ee154640
 Bits: [0x00000266f38c0000, 0x00000266f77b0000)

Polling page: 0x00000266ec230000

Metaspace:

Usage:
  Non-class:      7.59 MB used.
      Class:   1000.98 KB used.
       Both:      8.57 MB used.

Virtual space:
  Non-class space:       64.00 MB reserved,       7.69 MB ( 12%) committed,  1 nodes.
      Class space:        1.00 GB reserved,       1.12 MB ( <1%) committed,  1 nodes.
             Both:        1.06 GB reserved,       8.81 MB ( <1%) committed. 

Chunk freelists:
   Non-Class:  8.14 MB
       Class:  14.73 MB
        Both:  22.87 MB

MaxMetaspaceSize: unlimited
CompressedClassSpaceSize: 1.00 GB
Initial GC threshold: 21.00 MB
Current GC threshold: 21.00 MB
CDS: on
 - commit_granule_bytes: 65536.
 - commit_granule_words: 8192.
 - virtual_space_node_default_size: 8388608.
 - enlarge_chunks_in_place: 1.
 - use_allocation_guard: 0.


Internal statistics:

num_allocs_failed_limit: 0.
num_arena_births: 228.
num_arena_deaths: 0.
num_vsnodes_births: 2.
num_vsnodes_deaths: 0.
num_space_committed: 141.
num_space_uncommitted: 0.
num_chunks_returned_to_freelist: 0.
num_chunks_taken_from_freelist: 374.
num_chunk_merges: 0.
num_chunk_splits: 221.
num_chunks_enlarged: 107.
num_inconsistent_stats: 0.

CodeHeap 'non-profiled nmethods': size=119168Kb used=395Kb max_used=395Kb free=118773Kb
 bounds [0x0000026687ba0000, 0x0000026687e10000, 0x000002668f000000]
CodeHeap 'profiled nmethods': size=119104Kb used=1951Kb max_used=1951Kb free=117153Kb
 bounds [0x0000026680000000, 0x0000026680270000, 0x0000026687450000]
CodeHeap 'non-nmethods': size=7488Kb used=1998Kb max_used=2021Kb free=5489Kb
 bounds [0x0000026687450000, 0x00000266876c0000, 0x0000026687ba0000]
 total_blobs=1726 nmethods=1206 adapters=424
 compilation: enabled
              stopped_count=0, restarted_count=0
 full_count=0

Compilation events (20 events):
Event: 0.939 Thread 0x00000266fa673230 1193       3       java.lang.Boolean::valueOf (14 bytes)
Event: 0.940 Thread 0x00000266fa673230 nmethod 1193 0x00000266801e2590 code [0x00000266801e2740, 0x00000266801e28a8]
Event: 0.942 Thread 0x00000266fa673230 1194       3       java.lang.invoke.MethodHandles$Lookup::resolveOrFail (48 bytes)
Event: 0.942 Thread 0x00000266fa9d1660 1195       3       java.lang.invoke.MethodHandles$Lookup::checkMethodName (45 bytes)
Event: 0.942 Thread 0x00000266ff18df10 1199       4       sun.security.util.math.intpoly.IntegerPolynomial$MutableElement::setProduct (6 bytes)
Event: 0.942 Thread 0x00000266fa9d1660 nmethod 1195 0x00000266801e2910 code [0x00000266801e2b60, 0x00000266801e3228]
Event: 0.942 Thread 0x00000266fa9d1660 1196       3       sun.security.ec.XECOperations::bitAt (23 bytes)
Event: 0.943 Thread 0x00000266fa673230 nmethod 1194 0x00000266801e3510 code [0x00000266801e3760, 0x00000266801e3e18]
Event: 0.943 Thread 0x00000266fa673230 1198       3       sun.security.util.math.intpoly.IntegerPolynomial25519::carryReduce (391 bytes)
Event: 0.943 Thread 0x00000266fa672930 1200       4       sun.security.util.math.intpoly.IntegerPolynomial$MutableElement::setProduct (58 bytes)
Event: 0.943 Thread 0x00000266fa9d1660 nmethod 1196 0x00000266801e4110 code [0x00000266801e42c0, 0x00000266801e4458]
Event: 0.943 Thread 0x00000266fa9d1660 1197       3       sun.security.util.math.intpoly.IntegerPolynomial25519::reduce (40 bytes)
Event: 0.943 Thread 0x00000266fa673230 nmethod 1198 0x00000266801e4590 code [0x00000266801e4740, 0x00000266801e4ba0]
Event: 0.943 Thread 0x00000266fa9d1660 nmethod 1197 0x00000266801e4d90 code [0x00000266801e4f60, 0x00000266801e5260]
Event: 0.947 Thread 0x00000266ff1a0fe0 1201       4       jdk.internal.misc.Unsafe::getIntUnaligned (12 bytes)
Event: 0.948 Thread 0x00000266ff1a0fe0 nmethod 1201 0x0000026687bff610 code [0x0000026687bff7a0, 0x0000026687bff858]
Event: 0.953 Thread 0x00000266fa9d1660 1202       3       sun.security.provider.SHA2::implCompress0 (448 bytes)
Event: 0.955 Thread 0x00000266fa9d1660 nmethod 1202 0x00000266801e5410 code [0x00000266801e5660, 0x00000266801e6270]
Event: 0.956 Thread 0x00000266fa9d1660 1203       3       java.lang.invoke.MethodType::erase (8 bytes)
Event: 0.956 Thread 0x00000266fa9d1660 nmethod 1203 0x00000266801e6990 code [0x00000266801e6b20, 0x00000266801e6c58]

GC Heap History (0 events):
No events

Dll operation events (2 events):
Event: 0.020 Loaded shared library D:\IntelliJ IDEA 2024.3.5\jbr\bin\java.dll
Event: 0.065 Loaded shared library D:\IntelliJ IDEA 2024.3.5\jbr\bin\zip.dll

Deoptimization events (20 events):
Event: 0.942 Thread 0x00000266ff17c640 Uncommon trap: trap_request=0xffffff66 fr.pc=0x0000026687bf95f4 relative=0x0000000000000314
Event: 0.942 Thread 0x00000266ff17c640 Uncommon trap: reason=speculate_class_check action=maybe_recompile pc=0x0000026687bf95f4 method=sun.security.util.math.intpoly.IntegerPolynomial.multByInt([JJ)V @ 26 c2
Event: 0.942 Thread 0x00000266ff17c640 DEOPT PACKING pc=0x0000026687bf95f4 sp=0x00000073dbafe3c0
Event: 0.942 Thread 0x00000266ff17c640 DEOPT UNPACKING pc=0x00000266874a46a2 sp=0x00000073dbafe2a8 mode 2
Event: 0.942 Thread 0x00000266ff17c640 Uncommon trap: trap_request=0xffffff66 fr.pc=0x0000026687bf95f4 relative=0x0000000000000314
Event: 0.942 Thread 0x00000266ff17c640 Uncommon trap: reason=speculate_class_check action=maybe_recompile pc=0x0000026687bf95f4 method=sun.security.util.math.intpoly.IntegerPolynomial.multByInt([JJ)V @ 26 c2
Event: 0.942 Thread 0x00000266ff17c640 DEOPT PACKING pc=0x0000026687bf95f4 sp=0x00000073dbafe3c0
Event: 0.942 Thread 0x00000266ff17c640 DEOPT UNPACKING pc=0x00000266874a46a2 sp=0x00000073dbafe2a8 mode 2
Event: 0.942 Thread 0x00000266ff17c640 Uncommon trap: trap_request=0xffffff66 fr.pc=0x0000026687bf95f4 relative=0x0000000000000314
Event: 0.942 Thread 0x00000266ff17c640 Uncommon trap: reason=speculate_class_check action=maybe_recompile pc=0x0000026687bf95f4 method=sun.security.util.math.intpoly.IntegerPolynomial.multByInt([JJ)V @ 26 c2
Event: 0.942 Thread 0x00000266ff17c640 DEOPT PACKING pc=0x0000026687bf95f4 sp=0x00000073dbafe3c0
Event: 0.942 Thread 0x00000266ff17c640 DEOPT UNPACKING pc=0x00000266874a46a2 sp=0x00000073dbafe2a8 mode 2
Event: 0.942 Thread 0x00000266ff17c640 Uncommon trap: trap_request=0xffffff66 fr.pc=0x0000026687bf9f74 relative=0x0000000000000314
Event: 0.942 Thread 0x00000266ff17c640 Uncommon trap: reason=speculate_class_check action=maybe_recompile pc=0x0000026687bf9f74 method=sun.security.util.math.intpoly.IntegerPolynomial.multByInt([JJ)V @ 26 c2
Event: 0.942 Thread 0x00000266ff17c640 DEOPT PACKING pc=0x0000026687bf9f74 sp=0x00000073dbafe350
Event: 0.942 Thread 0x00000266ff17c640 DEOPT UNPACKING pc=0x00000266874a46a2 sp=0x00000073dbafe2a0 mode 2
Event: 0.942 Thread 0x00000266ff17c640 Uncommon trap: trap_request=0xffffff66 fr.pc=0x0000026687bf9f74 relative=0x0000000000000314
Event: 0.942 Thread 0x00000266ff17c640 Uncommon trap: reason=speculate_class_check action=maybe_recompile pc=0x0000026687bf9f74 method=sun.security.util.math.intpoly.IntegerPolynomial.multByInt([JJ)V @ 26 c2
Event: 0.942 Thread 0x00000266ff17c640 DEOPT PACKING pc=0x0000026687bf9f74 sp=0x00000073dbafe350
Event: 0.942 Thread 0x00000266ff17c640 DEOPT UNPACKING pc=0x00000266874a46a2 sp=0x00000073dbafe2a0 mode 2

Classes loaded (20 events):
Event: 0.950 Loading class sun/security/ssl/SSLTrafficKeyDerivation$T13TrafficKeyDerivation
Event: 0.950 Loading class sun/security/ssl/SSLTrafficKeyDerivation$T13TrafficKeyDerivation done
Event: 0.950 Loading class sun/security/ssl/SSLTrafficKeyDerivation$KeySchedule
Event: 0.950 Loading class sun/security/ssl/SSLTrafficKeyDerivation$KeySchedule done
Event: 0.951 Loading class javax/crypto/spec/IvParameterSpec
Event: 0.951 Loading class javax/crypto/spec/IvParameterSpec done
Event: 0.952 Loading class sun/security/ssl/Authenticator$TLS13Authenticator
Event: 0.952 Loading class sun/security/ssl/Authenticator$TLS13Authenticator done
Event: 0.952 Loading class sun/security/ssl/SSLCipher$T13GcmReadCipherGenerator$GcmReadCipher
Event: 0.952 Loading class sun/security/ssl/SSLCipher$T13GcmReadCipherGenerator$GcmReadCipher done
Event: 0.953 Loading class sun/security/ssl/SSLCipher$T13GcmWriteCipherGenerator$GcmWriteCipher
Event: 0.954 Loading class sun/security/ssl/SSLCipher$T13GcmWriteCipherGenerator$GcmWriteCipher done
Event: 0.954 Loading class sun/security/ssl/ChangeCipherSpec
Event: 0.954 Loading class sun/security/ssl/ChangeCipherSpec done
Event: 0.954 Loading class sun/security/ssl/ChangeCipherSpec$T10ChangeCipherSpecConsumer
Event: 0.955 Loading class sun/security/ssl/ChangeCipherSpec$T10ChangeCipherSpecConsumer done
Event: 0.955 Loading class sun/security/ssl/ChangeCipherSpec$T10ChangeCipherSpecProducer
Event: 0.955 Loading class sun/security/ssl/ChangeCipherSpec$T10ChangeCipherSpecProducer done
Event: 0.955 Loading class sun/security/ssl/ChangeCipherSpec$T13ChangeCipherSpecConsumer
Event: 0.955 Loading class sun/security/ssl/ChangeCipherSpec$T13ChangeCipherSpecConsumer done

Classes unloaded (0 events):
No events

Classes redefined (0 events):
No events

Internal exceptions (20 events):
Event: 0.488 Thread 0x00000266ebda9fd0 Exception <a 'java/lang/NoSuchMethodError'{0x00000007139384a0}: 'int java.lang.invoke.DirectMethodHandle$Holder.invokeStaticInit(java.lang.Object, long, long)'> (0x00000007139384a0) 
thrown [s\src\hotspot\share\interpreter\linkResolver.cpp, line 784]
Event: 0.490 Thread 0x00000266ebda9fd0 Exception <a 'java/lang/NoSuchMethodError'{0x000000071393ef38}: 'int java.lang.invoke.DirectMethodHandle$Holder.invokeStaticInit(java.lang.Object, float, float)'> (0x000000071393ef38) 
thrown [s\src\hotspot\share\interpreter\linkResolver.cpp, line 784]
Event: 0.491 Thread 0x00000266ebda9fd0 Exception <a 'java/lang/NoSuchMethodError'{0x00000007139459c8}: 'int java.lang.invoke.DirectMethodHandle$Holder.invokeStaticInit(java.lang.Object, double, double)'> (0x00000007139459c8) 
thrown [s\src\hotspot\share\interpreter\linkResolver.cpp, line 784]
Event: 0.492 Thread 0x00000266ebda9fd0 Exception <a 'java/lang/NoSuchMethodError'{0x000000071394a050}: 'int java.lang.invoke.DirectMethodHandle$Holder.invokeStatic(java.lang.Object, long)'> (0x000000071394a050) 
thrown [s\src\hotspot\share\interpreter\linkResolver.cpp, line 784]
Event: 0.499 Thread 0x00000266ebda9fd0 Exception <a 'java/lang/NoSuchMethodError'{0x0000000713973ed0}: 'java.lang.Object java.lang.invoke.DirectMethodHandle$Holder.invokeSpecial(java.lang.Object, java.lang.Object, int, java.lang.Object, java.lang.Object)'> (0x0000000713973ed0) 
thrown [s\src\hotspot\share\interpreter\linkResolver.cpp, line 784]
Event: 0.500 Thread 0x00000266ebda9fd0 Exception <a 'java/lang/NoSuchMethodError'{0x0000000713977860}: 'java.lang.Object java.lang.invoke.DelegatingMethodHandle$Holder.delegate(java.lang.Object, int, java.lang.Object, java.lang.Object)'> (0x0000000713977860) 
thrown [s\src\hotspot\share\interpreter\linkResolver.cpp, line 784]
Event: 0.503 Thread 0x00000266ebda9fd0 Exception <a 'java/lang/NoSuchMethodError'{0x0000000713986b80}: 'int java.lang.invoke.Invokers$Holder.linkToTargetMethod(java.lang.Object, java.lang.Object, java.lang.Object)'> (0x0000000713986b80) 
thrown [s\src\hotspot\share\interpreter\linkResolver.cpp, line 784]
Event: 0.509 Thread 0x00000266ebda9fd0 Exception <a 'java/lang/NoSuchMethodError'{0x00000007139b8828}: 'long java.lang.invoke.DirectMethodHandle$Holder.invokeSpecial(java.lang.Object, java.lang.Object)'> (0x00000007139b8828) 
thrown [s\src\hotspot\share\interpreter\linkResolver.cpp, line 784]
Event: 0.510 Thread 0x00000266ebda9fd0 Exception <a 'java/lang/NoSuchMethodError'{0x00000007139bf0f8}: 'int java.lang.invoke.DirectMethodHandle$Holder.invokeStatic(java.lang.Object, java.lang.Object, java.lang.Object, java.lang.Object)'> (0x00000007139bf0f8) 
thrown [s\src\hotspot\share\interpreter\linkResolver.cpp, line 784]
Event: 0.511 Thread 0x00000266ebda9fd0 Exception <a 'java/lang/NoSuchMethodError'{0x00000007139c2518}: 'java.lang.Object java.lang.invoke.Invokers$Holder.invokeExact_MT(java.lang.Object, java.lang.Object, java.lang.Object, java.lang.Object, java.lang.Object, java.lang.Object)'> (0x00000007139c2518) 
thrown [s\src\hotspot\share\interpreter\linkResolver.cpp, line 784]
Event: 0.652 Thread 0x00000266ebda9fd0 Exception <a 'java/lang/NoSuchMethodError'{0x00000007137981a8}: 'java.lang.Object java.lang.invoke.DirectMethodHandle$Holder.newInvokeSpecial(java.lang.Object, java.lang.Object, java.lang.Object, java.lang.Object, java.lang.Object)'> (0x00000007137981a8) 
thrown [s\src\hotspot\share\interpreter\linkResolver.cpp, line 784]
Event: 0.703 Thread 0x00000266ebda9fd0 Exception <a 'java/lang/NoSuchMethodError'{0x0000000713552820}: 'java.lang.Object java.lang.invoke.DirectMethodHandle$Holder.invokeSpecial(java.lang.Object, java.lang.Object, java.lang.Object, java.lang.Object, int)'> (0x0000000713552820) 
thrown [s\src\hotspot\share\interpreter\linkResolver.cpp, line 784]
Event: 0.704 Thread 0x00000266ebda9fd0 Exception <a 'java/lang/NoSuchMethodError'{0x0000000713556188}: 'java.lang.Object java.lang.invoke.Invokers$Holder.linkToTargetMethod(java.lang.Object, java.lang.Object, int, java.lang.Object)'> (0x0000000713556188) 
thrown [s\src\hotspot\share\interpreter\linkResolver.cpp, line 784]
Event: 0.716 Thread 0x00000266ebda9fd0 Exception <a 'java/lang/NoSuchMethodError'{0x00000007135848e8}: 'void java.lang.invoke.DirectMethodHandle$Holder.invokeSpecial(java.lang.Object, java.lang.Object, java.lang.Object)'> (0x00000007135848e8) 
thrown [s\src\hotspot\share\interpreter\linkResolver.cpp, line 784]
Event: 0.738 Thread 0x00000266ff1380b0 Exception <a 'java/lang/NoSuchMethodError'{0x00000007137ee518}: 'void java.lang.invoke.DirectMethodHandle$Holder.invokeStatic(java.lang.Object, java.lang.Object, int)'> (0x00000007137ee518) 
thrown [s\src\hotspot\share\interpreter\linkResolver.cpp, line 784]
Event: 0.738 Thread 0x00000266ebda9fd0 Exception <a 'java/lang/NoSuchMethodError'{0x0000000713214740}: 'void java.lang.invoke.DirectMethodHandle$Holder.invokeSpecial(java.lang.Object, java.lang.Object, java.lang.Object, java.lang.Object, java.lang.Object)'> (0x0000000713214740) 
thrown [s\src\hotspot\share\interpreter\linkResolver.cpp, line 784]
Event: 0.748 Thread 0x00000266ff1380b0 Exception <a 'java/lang/NoSuchMethodError'{0x00000007132992b8}: 'void java.lang.invoke.DirectMethodHandle$Holder.invokeStatic(java.lang.Object, java.lang.Object)'> (0x00000007132992b8) 
thrown [s\src\hotspot\share\interpreter\linkResolver.cpp, line 784]
Event: 0.751 Thread 0x00000266ff17c640 Exception <a 'java/lang/NoSuchMethodError'{0x0000000713305a30}: 'void java.lang.invoke.DirectMethodHandle$Holder.invokeInterface(java.lang.Object, java.lang.Object, java.lang.Object)'> (0x0000000713305a30) 
thrown [s\src\hotspot\share\interpreter\linkResolver.cpp, line 784]
Event: 0.760 Thread 0x00000266ff17c640 Exception <a 'java/lang/NoSuchMethodError'{0x0000000713354ee8}: 'void java.lang.invoke.DirectMethodHandle$Holder.invokeVirtual(java.lang.Object, java.lang.Object)'> (0x0000000713354ee8) 
thrown [s\src\hotspot\share\interpreter\linkResolver.cpp, line 784]
Event: 0.931 Thread 0x00000266ff17c640 Exception <a 'java/lang/NoSuchMethodError'{0x0000000713130b88}: 'void java.lang.invoke.DirectMethodHandle$Holder.invokeInterface(java.lang.Object, java.lang.Object)'> (0x0000000713130b88) 
thrown [s\src\hotspot\share\interpreter\linkResolver.cpp, line 784]

ZGC Phase Switch (0 events):
No events

VM Operations (10 events):
Event: 0.136 Executing VM operation: HandshakeAllThreads (Deoptimize)
Event: 0.136 Executing VM operation: HandshakeAllThreads (Deoptimize) done
Event: 0.148 Executing VM operation: HandshakeAllThreads (Deoptimize)
Event: 0.148 Executing VM operation: HandshakeAllThreads (Deoptimize) done
Event: 0.395 Executing VM operation: HandshakeAllThreads (Deoptimize)
Event: 0.395 Executing VM operation: HandshakeAllThreads (Deoptimize) done
Event: 0.742 Executing VM operation: HandshakeAllThreads (Deoptimize)
Event: 0.742 Executing VM operation: HandshakeAllThreads (Deoptimize) done
Event: 0.937 Executing VM operation: ICBufferFull
Event: 0.938 Executing VM operation: ICBufferFull done

Memory protections (0 events):
No events

Nmethod flushes (0 events):
No events

Events (20 events):
Event: 0.084 Thread 0x00000266ebda9fd0 Thread added: 0x00000266fa6597d0
Event: 0.084 Thread 0x00000266ebda9fd0 Thread added: 0x00000266fa65be40
Event: 0.085 Thread 0x00000266ebda9fd0 Thread added: 0x00000266fa672930
Event: 0.085 Thread 0x00000266ebda9fd0 Thread added: 0x00000266fa673230
Event: 0.104 Thread 0x00000266fa673230 Thread added: 0x00000266fa9d1660
Event: 0.112 Thread 0x00000266ebda9fd0 Thread added: 0x00000266faa09090
Event: 0.115 Thread 0x00000266ebda9fd0 Thread added: 0x00000266faa2f8b0
Event: 0.121 Loaded shared library D:\IntelliJ IDEA 2024.3.5\jbr\bin\net.dll
Event: 0.125 Loaded shared library D:\IntelliJ IDEA 2024.3.5\jbr\bin\nio.dll
Event: 0.131 Loaded shared library D:\IntelliJ IDEA 2024.3.5\jbr\bin\zip.dll
Event: 0.216 Loaded shared library D:\IntelliJ IDEA 2024.3.5\jbr\bin\jimage.dll
Event: 0.229 Loaded shared library D:\IntelliJ IDEA 2024.3.5\jbr\bin\sunmscapi.dll
Event: 0.633 Loaded shared library D:\IntelliJ IDEA 2024.3.5\jbr\bin\extnet.dll
Event: 0.646 Thread 0x00000266ebda9fd0 Thread added: 0x00000266ff1380b0
Event: 0.747 Thread 0x00000266ff1380b0 Thread added: 0x00000266ff17c640
Event: 0.771 Thread 0x00000266ff1380b0 Thread added: 0x00000266ff1ea3a0
Event: 0.840 Thread 0x00000266fa9d1660 Thread added: 0x00000266ff24ceb0
Event: 0.842 Thread 0x00000266fa673230 Thread added: 0x00000266ff24d550
Event: 0.844 Thread 0x00000266fa9d1660 Thread added: 0x00000266ff1a0fe0
Event: 0.849 Thread 0x00000266fa9d1660 Thread added: 0x00000266ff18df10


Dynamic libraries:
0x00007ff6b0920000 - 0x00007ff6b092a000 	D:\IntelliJ IDEA 2024.3.5\jbr\bin\java.exe
0x00007ffa410c0000 - 0x00007ffa41329000 	C:\WINDOWS\SYSTEM32\ntdll.dll
0x00007ffa3f870000 - 0x00007ffa3f939000 	C:\WINDOWS\System32\KERNEL32.DLL
0x00007ffa3e5b0000 - 0x00007ffa3e9a3000 	C:\WINDOWS\System32\KERNELBASE.dll
0x00007ffa3ebd0000 - 0x00007ffa3ed1b000 	C:\WINDOWS\System32\ucrtbase.dll
0x00007ffa38780000 - 0x00007ffa3879b000 	D:\IntelliJ IDEA 2024.3.5\jbr\bin\VCRUNTIME140.dll
0x00007ffa2aed0000 - 0x00007ffa2aee8000 	D:\IntelliJ IDEA 2024.3.5\jbr\bin\jli.dll
0x00007ffa3f6a0000 - 0x00007ffa3f864000 	C:\WINDOWS\System32\USER32.dll
0x00007ffa3e4c0000 - 0x00007ffa3e4e7000 	C:\WINDOWS\System32\win32u.dll
0x00007ffa3f670000 - 0x00007ffa3f69b000 	C:\WINDOWS\System32\GDI32.dll
0x00007ffa3e300000 - 0x00007ffa3e42d000 	C:\WINDOWS\System32\gdi32full.dll
0x00007ffa1f7e0000 - 0x00007ffa1fa73000 	C:\WINDOWS\WinSxS\amd64_microsoft.windows.common-controls_6595b64144ccf1df_6.0.26100.5074_none_3e0d6f78e32fd63f\COMCTL32.dll
0x00007ffa3e250000 - 0x00007ffa3e2f3000 	C:\WINDOWS\System32\msvcp_win.dll
0x00007ffa3f5c0000 - 0x00007ffa3f669000 	C:\WINDOWS\System32\msvcrt.dll
0x00007ffa40be0000 - 0x00007ffa40c0f000 	C:\WINDOWS\System32\IMM32.DLL
0x00007ffa38740000 - 0x00007ffa3874c000 	D:\IntelliJ IDEA 2024.3.5\jbr\bin\vcruntime140_1.dll
0x00007ff98c4d0000 - 0x00007ff98c55d000 	D:\IntelliJ IDEA 2024.3.5\jbr\bin\msvcp140.dll
0x00007ff98ea40000 - 0x00007ff98f801000 	D:\IntelliJ IDEA 2024.3.5\jbr\bin\server\jvm.dll
0x00007ffa40900000 - 0x00007ffa409b4000 	C:\WINDOWS\System32\ADVAPI32.dll
0x00007ffa3f3b0000 - 0x00007ffa3f456000 	C:\WINDOWS\System32\sechost.dll
0x00007ffa40ac0000 - 0x00007ffa40bd8000 	C:\WINDOWS\System32\RPCRT4.dll
0x00007ffa3ee90000 - 0x00007ffa3ef04000 	C:\WINDOWS\System32\WS2_32.dll
0x00007ffa3e0b0000 - 0x00007ffa3e10e000 	C:\WINDOWS\SYSTEM32\POWRPROF.dll
0x00007ffa34e60000 - 0x00007ffa34e6b000 	C:\WINDOWS\SYSTEM32\VERSION.dll
0x00007ffa351b0000 - 0x00007ffa351e5000 	C:\WINDOWS\SYSTEM32\WINMM.dll
0x00007ffa3e090000 - 0x00007ffa3e0a4000 	C:\WINDOWS\SYSTEM32\UMPDC.dll
0x00007ffa3d000000 - 0x00007ffa3d01b000 	C:\WINDOWS\SYSTEM32\kernel.appcore.dll
0x00007ffa2b450000 - 0x00007ffa2b45a000 	D:\IntelliJ IDEA 2024.3.5\jbr\bin\jimage.dll
0x00007ffa3b8b0000 - 0x00007ffa3baf2000 	C:\WINDOWS\SYSTEM32\DBGHELP.DLL
0x00007ffa40330000 - 0x00007ffa406ab000 	C:\WINDOWS\System32\combase.dll
0x00007ffa40ca0000 - 0x00007ffa40d77000 	C:\WINDOWS\System32\OLEAUT32.dll
0x00007ffa1fbb0000 - 0x00007ffa1fbed000 	C:\WINDOWS\SYSTEM32\dbgcore.DLL
0x00007ffa3eb30000 - 0x00007ffa3ebc9000 	C:\WINDOWS\System32\bcryptPrimitives.dll
0x00007ffa2aef0000 - 0x00007ffa2af10000 	D:\IntelliJ IDEA 2024.3.5\jbr\bin\java.dll
0x00007ffa3f950000 - 0x00007ffa4009d000 	C:\WINDOWS\System32\SHELL32.dll
0x00007ffa3ed20000 - 0x00007ffa3ee8c000 	C:\WINDOWS\System32\wintypes.dll
0x00007ffa3be70000 - 0x00007ffa3c6c9000 	C:\WINDOWS\SYSTEM32\windows.storage.dll
0x00007ffa406b0000 - 0x00007ffa407a0000 	C:\WINDOWS\System32\SHCORE.dll
0x00007ffa402c0000 - 0x00007ffa40322000 	C:\WINDOWS\System32\shlwapi.dll
0x00007ffa3e170000 - 0x00007ffa3e199000 	C:\WINDOWS\SYSTEM32\profapi.dll
0x00007ffa2abe0000 - 0x00007ffa2abf8000 	D:\IntelliJ IDEA 2024.3.5\jbr\bin\zip.dll
0x00007ffa2b3a0000 - 0x00007ffa2b3b0000 	D:\IntelliJ IDEA 2024.3.5\jbr\bin\net.dll
0x00007ffa2f1a0000 - 0x00007ffa2f2bf000 	C:\WINDOWS\SYSTEM32\WINHTTP.dll
0x00007ffa3d590000 - 0x00007ffa3d5fb000 	C:\WINDOWS\system32\mswsock.dll
0x00007ffa2abc0000 - 0x00007ffa2abd6000 	D:\IntelliJ IDEA 2024.3.5\jbr\bin\nio.dll
0x00007ffa2a280000 - 0x00007ffa2a28e000 	D:\IntelliJ IDEA 2024.3.5\jbr\bin\sunmscapi.dll
0x00007ffa3e9b0000 - 0x00007ffa3eb27000 	C:\WINDOWS\System32\CRYPT32.dll
0x00007ffa3da70000 - 0x00007ffa3daa0000 	C:\WINDOWS\SYSTEM32\ncrypt.dll
0x00007ffa3da20000 - 0x00007ffa3da5f000 	C:\WINDOWS\SYSTEM32\NTASN1.dll
0x00007ffa3d830000 - 0x00007ffa3d84b000 	C:\WINDOWS\SYSTEM32\CRYPTSP.dll
0x00007ffa3cf60000 - 0x00007ffa3cf9b000 	C:\WINDOWS\system32\rsaenh.dll
0x00007ffa3d630000 - 0x00007ffa3d65b000 	C:\WINDOWS\SYSTEM32\USERENV.dll
0x00007ffa3e140000 - 0x00007ffa3e166000 	C:\WINDOWS\SYSTEM32\bcrypt.dll
0x00007ffa3d850000 - 0x00007ffa3d85c000 	C:\WINDOWS\SYSTEM32\CRYPTBASE.dll
0x00007ffa3cb50000 - 0x00007ffa3cb84000 	C:\WINDOWS\SYSTEM32\IPHLPAPI.DLL
0x00007ffa3f940000 - 0x00007ffa3f94a000 	C:\WINDOWS\System32\NSI.dll
0x00007ffa09810000 - 0x00007ffa09818000 	C:\WINDOWS\system32\wshunix.dll
0x00007ffa29940000 - 0x00007ffa29949000 	D:\IntelliJ IDEA 2024.3.5\jbr\bin\extnet.dll

dbghelp: loaded successfully - version: 4.0.5 - missing functions: none
symbol engine: initialized successfully - sym options: 0x614 - pdb path: .;D:\IntelliJ IDEA 2024.3.5\jbr\bin;C:\WINDOWS\SYSTEM32;C:\WINDOWS\WinSxS\amd64_microsoft.windows.common-controls_6595b64144ccf1df_6.0.26100.5074_none_3e0d6f78e32fd63f;D:\IntelliJ IDEA 2024.3.5\jbr\bin\server

VM Arguments:
java_command: git4idea.http.GitAskPassApp Username for 'https://github.com': 
java_class_path (initial): D:/IntelliJ IDEA 2024.3.5/plugins/vcs-git/lib/git4idea-rt.jar;D:/IntelliJ IDEA 2024.3.5/lib/externalProcess-rt.jar
Launcher Type: SUN_STANDARD

[Global flags]
     intx CICompilerCount                          = 12                                        {product} {ergonomic}
     uint ConcGCThreads                            = 3                                         {product} {ergonomic}
     uint G1ConcRefinementThreads                  = 13                                        {product} {ergonomic}
   size_t G1HeapRegionSize                         = 2097152                                   {product} {ergonomic}
    uintx GCDrainStackTargetSize                   = 64                                        {product} {ergonomic}
   size_t InitialHeapSize                          = 264241152                                 {product} {ergonomic}
   size_t MarkStackSize                            = 4194304                                   {product} {ergonomic}
   size_t MaxHeapSize                              = 4223664128                                {product} {ergonomic}
   size_t MaxNewSize                               = 2533359616                                {product} {ergonomic}
   size_t MinHeapDeltaBytes                        = 2097152                                   {product} {ergonomic}
   size_t MinHeapSize                              = 8388608                                   {product} {ergonomic}
    uintx NonNMethodCodeHeapSize                   = 7602480                                {pd product} {ergonomic}
    uintx NonProfiledCodeHeapSize                  = 122027880                              {pd product} {ergonomic}
    uintx ProfiledCodeHeapSize                     = 122027880                              {pd product} {ergonomic}
    uintx ReservedCodeCacheSize                    = 251658240                              {pd product} {ergonomic}
     bool SegmentedCodeCache                       = true                                      {product} {ergonomic}
   size_t SoftMaxHeapSize                          = 4223664128                             {manageable} {ergonomic}
     bool UseCompressedOops                        = true                           {product lp64_product} {ergonomic}
     bool UseG1GC                                  = true                                      {product} {ergonomic}
     bool UseLargePagesIndividualAllocation        = false                                  {pd product} {ergonomic}

Logging:
Log output configuration:
 #0: stdout all=warning uptime,level,tags foldmultilines=false
 #1: stderr all=off uptime,level,tags foldmultilines=false

Environment Variables:
JAVA_HOME=D:\java JDK17\java JDK
PATH=D:\Git\mingw64\libexec\git-core;D:\Git\mingw64\libexec\git-core;D:\Git\mingw64\bin;D:\Git\usr\bin;C:\Users\27729\bin;C:\Program Files\Common Files\Oracle\Java\javapath;C:\WINDOWS\system32;C:\WINDOWS;C:\WINDOWS\System32\Wbem;C:\WINDOWS\System32\WindowsPowerShell\v1.0;C:\WINDOWS\System32\OpenSSH;C:\WINDOWS\system32\config\systemprofile\.dnx\bin;C:\Program Files\Microsoft DNX\Dnvm;C:\Program Files (x86)\Windows Kits\8.1\Windows Performance Toolkit;C:\Program Files\Microsoft SQL Server\120\Tools\Binn;C:\Program Files\Microsoft SQL Server\130\Tools\Binn;D:\wampserver\bin\php\php7 . 3 . 12;D:\university work\°ŕĹĆ\Î˘ĐĹĐˇłĚĐň\Î˘ĐĹwebżŞ·˘Őßą¤ľß\dll;D:\Î˘ĐĹĐˇłĚĐň\Î˘ĐĹwe;żŞ·˘Őßą¤ľß\dll;D:\Git\cmd;D:\Î˘ĐĹĐˇłĚĐň\Î˘ĐĹwebżŞ·˘Őßą¤ľß\dll;D:\apache-maven-3.9.9\apache-maven-3.9.9\bin;D:\node;C:\Program Files\Docker\Docker\resources\bin
USERNAME=27729
DISPLAY=:0.0
LC_ALL=en_US.UTF-8
TERM=xterm-256color
TMPDIR=C:\Users\27729\AppData\Local\Temp
OS=Windows_NT
PROCESSOR_IDENTIFIER=Intel64 Family 6 Model 186 Stepping 2, GenuineIntel
TMP=C:\Users\27729\AppData\Local\Temp
TEMP=C:\Users\27729\AppData\Local\Temp




Periodic native trim disabled

JNI global refs:
JNI global refs: 29, weak refs: 0

JNI global refs memory usage: 835, weak refs: 833

Process memory usage:
Resident Set Size: 85044K (0% of 16494456K total physical memory with 1747680K free physical memory)

OOME stack traces (most recent first):
Classloader memory used:
